<?xml version="1.0" encoding="UTF-8"?>
<!-- Generated by org.testng.reporters.JUnitReportReporter -->
<testsuite hostname="U-GauravM" failures="0" tests="1" name="com.softwaretestingboard.magento.SignUpTests" time="24.940" errors="0" timestamp="2024-02-23T20:16:10 IST" skipped="0">
  <testcase classname="com.softwaretestingboard.magento.SignUpTests" name="negativeSignUpTest" time="24.940"/>
</testsuite> <!-- com.softwaretestingboard.magento.SignUpTests -->
