<?xml version="1.0" encoding="UTF-8"?>
<!-- Generated by org.testng.reporters.JUnitReportReporter -->
<testsuite hostname="U-GauravM" failures="0" tests="1" name="com.softwaretestingboard.magento.LogInTests" time="25.953" errors="0" timestamp="2024-02-23T20:16:10 IST" skipped="0">
  <testcase classname="com.softwaretestingboard.magento.LogInTests" name="negativeLogInTest" time="25.953"/>
</testsuite> <!-- com.softwaretestingboard.magento.LogInTests -->
