<?xml version="1.0" encoding="UTF-8"?>
<!-- Generated by org.testng.reporters.JUnitReportReporter -->
<testsuite hostname="U-GauravM" failures="0" tests="1" name="com.softwaretestingboard.magento.CheckoutTests" time="40.795" errors="0" timestamp="2024-02-23T19:55:13 IST" skipped="0">
  <testcase classname="com.softwaretestingboard.magento.CheckoutTests" name="positiveCheckoutTest" time="40.795"/>
</testsuite> <!-- com.softwaretestingboard.magento.CheckoutTests -->
