<?xml version="1.0" encoding="UTF-8"?>
<!-- Generated by org.testng.reporters.JUnitReportReporter -->
<testsuite hostname="U-GauravM" failures="0" tests="1" name="com.softwaretestingboard.magento.WishlistTests" time="28.566" errors="0" timestamp="2024-02-23T19:55:13 IST" skipped="0">
  <testcase classname="com.softwaretestingboard.magento.WishlistTests" name="positiveWishlistTest" time="28.566"/>
</testsuite> <!-- com.softwaretestingboard.magento.WishlistTests -->
