<?xml version="1.0" encoding="UTF-8"?>
<!-- Generated by org.testng.reporters.JUnitReportReporter -->
<testsuite hostname="U-GauravM" failures="0" tests="1" name="com.softwaretestingboard.magento.EditWishlistTests" time="26.780" errors="0" timestamp="2024-02-23T19:55:13 IST" skipped="0">
  <testcase classname="com.softwaretestingboard.magento.EditWishlistTests" name="positiveEditWishlistTest" time="26.780"/>
</testsuite> <!-- com.softwaretestingboard.magento.EditWishlistTests -->
